<?xml version="1.0" encoding="UTF-8"?>
<!-- Generated by org.testng.reporters.JUnitXMLReporter -->
<testsuite hostname="Rain" name="Default test" tests="5" failures="0" timestamp="16 Jan 2018 06:07:50 GMT" time="1.427" errors="0">
  <testcase name="doGet" time="0.912" classname="com.testRain.testrain.TestDemo"/>
  <testcase name="doGet" time="0.025" classname="com.testRain.testrain.TestDemo"/>
  <testcase name="doGet" time="0.019" classname="com.testRain.testrain.TestDemo"/>
  <testcase name="doGet" time="0.022" classname="com.testRain.testrain.TestDemo"/>
  <testcase name="doGet" time="0.023" classname="com.testRain.testrain.TestDemo"/>
</testsuite> <!-- Default test -->
