<?xml version="1.0" encoding="UTF-8"?>
<testng-results skipped="0" failed="0" total="5" passed="5">
  <reporter-output>
  </reporter-output>
  <suite name="Default suite" duration-ms="1427" started-at="2018-01-16T06:07:49Z" finished-at="2018-01-16T06:07:50Z">
    <groups>
    </groups>
    <test name="Default test" duration-ms="1427" started-at="2018-01-16T06:07:49Z" finished-at="2018-01-16T06:07:50Z">
      <class name="com.testRain.testrain.TestDemo">
        <test-method status="PASS" signature="doGet(java.lang.String, java.lang.String, java.lang.String)[pri:0, instance:com.testRain.testrain.TestDemo@65010ce3]" name="doGet" duration-ms="912" started-at="2018-01-16T14:07:49Z" data-provider="feeder" finished-at="2018-01-16T14:07:50Z">
          <params>
            <param index="0">
              <value>
                <![CDATA[1]]>
              </value>
            </param>
            <param index="1">
              <value>
                <![CDATA[2]]>
              </value>
            </param>
            <param index="2">
              <value>
                <![CDATA[3]]>
              </value>
            </param>
          </params>
          <reporter-output>
          </reporter-output>
        </test-method> <!-- doGet -->
        <test-method status="PASS" signature="doGet(java.lang.String, java.lang.String, java.lang.String)[pri:0, instance:com.testRain.testrain.TestDemo@65010ce3]" name="doGet" duration-ms="25" started-at="2018-01-16T14:07:50Z" data-provider="feeder" finished-at="2018-01-16T14:07:50Z">
          <params>
            <param index="0">
              <value>
                <![CDATA[4]]>
              </value>
            </param>
            <param index="1">
              <value>
                <![CDATA[4]]>
              </value>
            </param>
            <param index="2">
              <value>
                <![CDATA[8]]>
              </value>
            </param>
          </params>
          <reporter-output>
          </reporter-output>
        </test-method> <!-- doGet -->
        <test-method status="PASS" signature="doGet(java.lang.String, java.lang.String, java.lang.String)[pri:0, instance:com.testRain.testrain.TestDemo@65010ce3]" name="doGet" duration-ms="19" started-at="2018-01-16T14:07:50Z" data-provider="feeder" finished-at="2018-01-16T14:07:50Z">
          <params>
            <param index="0">
              <value>
                <![CDATA[2]]>
              </value>
            </param>
            <param index="1">
              <value>
                <![CDATA[3]]>
              </value>
            </param>
            <param index="2">
              <value>
                <![CDATA[5]]>
              </value>
            </param>
          </params>
          <reporter-output>
          </reporter-output>
        </test-method> <!-- doGet -->
        <test-method status="PASS" signature="doGet(java.lang.String, java.lang.String, java.lang.String)[pri:0, instance:com.testRain.testrain.TestDemo@65010ce3]" name="doGet" duration-ms="22" started-at="2018-01-16T14:07:50Z" data-provider="feeder" finished-at="2018-01-16T14:07:50Z">
          <params>
            <param index="0">
              <value>
                <![CDATA[6]]>
              </value>
            </param>
            <param index="1">
              <value>
                <![CDATA[6]]>
              </value>
            </param>
            <param index="2">
              <value>
                <![CDATA[12]]>
              </value>
            </param>
          </params>
          <reporter-output>
          </reporter-output>
        </test-method> <!-- doGet -->
        <test-method status="PASS" signature="doGet(java.lang.String, java.lang.String, java.lang.String)[pri:0, instance:com.testRain.testrain.TestDemo@65010ce3]" name="doGet" duration-ms="23" started-at="2018-01-16T14:07:50Z" data-provider="feeder" finished-at="2018-01-16T14:07:50Z">
          <params>
            <param index="0">
              <value>
                <![CDATA[1]]>
              </value>
            </param>
            <param index="1">
              <value>
                <![CDATA[4]]>
              </value>
            </param>
            <param index="2">
              <value>
                <![CDATA[5]]>
              </value>
            </param>
          </params>
          <reporter-output>
          </reporter-output>
        </test-method> <!-- doGet -->
      </class> <!-- com.testRain.testrain.TestDemo -->
    </test> <!-- Default test -->
  </suite> <!-- Default suite -->
</testng-results>
